2026-01-11 21:13:40 | INFO     | root | setup_logging:81 | Logging initialized. Log file: logs/run_20260111_211340.log
2026-01-11 21:13:40 | INFO     | __main__ | main:27 | Starting Test Pipeline. Log: logs/run_20260111_211340.log
2026-01-11 21:13:40 | INFO     | __main__ | main:34 | Loaded 1 rows from test.csv
2026-01-11 21:13:40 | DEBUG    | httpcore.connection | trace:47 | connect_tcp.started host='localhost' port=6333 local_address=None timeout=5.0 socket_options=None
2026-01-11 21:13:40 | DEBUG    | httpcore.connection | trace:47 | connect_tcp.complete return_value=<httpcore._backends.sync.SyncStream object at 0x11e225be0>
2026-01-11 21:13:40 | DEBUG    | httpcore.http11 | trace:47 | send_request_headers.started request=<Request [b'GET']>
2026-01-11 21:13:40 | DEBUG    | httpcore.http11 | trace:47 | send_request_headers.complete
2026-01-11 21:13:40 | DEBUG    | httpcore.http11 | trace:47 | send_request_body.started request=<Request [b'GET']>
2026-01-11 21:13:40 | DEBUG    | httpcore.http11 | trace:47 | send_request_body.complete
2026-01-11 21:13:40 | DEBUG    | httpcore.http11 | trace:47 | receive_response_headers.started request=<Request [b'GET']>
2026-01-11 21:13:40 | DEBUG    | httpcore.http11 | trace:47 | receive_response_headers.complete return_value=(b'HTTP/1.1', 200, b'OK', [(b'transfer-encoding', b'chunked'), (b'vary', b'accept-encoding, Origin, Access-Control-Request-Method, Access-Control-Request-Headers'), (b'content-type', b'application/json'), (b'content-encoding', b'zstd'), (b'date', b'Sun, 11 Jan 2026 15:43:39 GMT')])
2026-01-11 21:13:40 | INFO     | httpx | _send_single_request:1025 | HTTP Request: GET http://localhost:6333 "HTTP/1.1 200 OK"
2026-01-11 21:13:40 | DEBUG    | httpcore.http11 | trace:47 | receive_response_body.started request=<Request [b'GET']>
2026-01-11 21:13:40 | DEBUG    | httpcore.http11 | trace:47 | receive_response_body.complete
2026-01-11 21:13:40 | DEBUG    | httpcore.http11 | trace:47 | response_closed.started
2026-01-11 21:13:40 | DEBUG    | httpcore.http11 | trace:47 | response_closed.complete
2026-01-11 21:13:40 | DEBUG    | httpcore.connection | trace:47 | close.started
2026-01-11 21:13:40 | DEBUG    | httpcore.connection | trace:47 | close.complete
2026-01-11 21:13:40 | INFO     | sentence_transformers.SentenceTransformer | __init__:219 | Use pytorch device_name: mps
2026-01-11 21:13:40 | INFO     | sentence_transformers.SentenceTransformer | __init__:227 | Load pretrained SentenceTransformer: sentence-transformers/all-MiniLM-L6-v2
2026-01-11 21:13:40 | DEBUG    | urllib3.connectionpool | _new_conn:1049 | Starting new HTTPS connection (1): huggingface.co:443
2026-01-11 21:13:40 | DEBUG    | urllib3.connectionpool | _make_request:544 | https://huggingface.co:443 "HEAD /sentence-transformers/all-MiniLM-L6-v2/resolve/main/modules.json HTTP/1.1" 307 0
2026-01-11 21:13:40 | DEBUG    | urllib3.connectionpool | _make_request:544 | https://huggingface.co:443 "HEAD /api/resolve-cache/models/sentence-transformers/all-MiniLM-L6-v2/c9745ed1d9f207416be6d2e6f8de32d1f16199bf/modules.json HTTP/1.1" 200 0
2026-01-11 21:13:41 | DEBUG    | urllib3.connectionpool | _make_request:544 | https://huggingface.co:443 "HEAD /sentence-transformers/all-MiniLM-L6-v2/resolve/main/config_sentence_transformers.json HTTP/1.1" 307 0
2026-01-11 21:13:41 | DEBUG    | urllib3.connectionpool | _make_request:544 | https://huggingface.co:443 "HEAD /api/resolve-cache/models/sentence-transformers/all-MiniLM-L6-v2/c9745ed1d9f207416be6d2e6f8de32d1f16199bf/config_sentence_transformers.json HTTP/1.1" 200 0
2026-01-11 21:13:41 | DEBUG    | urllib3.connectionpool | _make_request:544 | https://huggingface.co:443 "HEAD /sentence-transformers/all-MiniLM-L6-v2/resolve/main/config_sentence_transformers.json HTTP/1.1" 307 0
2026-01-11 21:13:41 | DEBUG    | urllib3.connectionpool | _make_request:544 | https://huggingface.co:443 "HEAD /api/resolve-cache/models/sentence-transformers/all-MiniLM-L6-v2/c9745ed1d9f207416be6d2e6f8de32d1f16199bf/config_sentence_transformers.json HTTP/1.1" 200 0
2026-01-11 21:13:41 | DEBUG    | urllib3.connectionpool | _make_request:544 | https://huggingface.co:443 "HEAD /sentence-transformers/all-MiniLM-L6-v2/resolve/main/README.md HTTP/1.1" 307 0
2026-01-11 21:13:41 | DEBUG    | urllib3.connectionpool | _make_request:544 | https://huggingface.co:443 "HEAD /api/resolve-cache/models/sentence-transformers/all-MiniLM-L6-v2/c9745ed1d9f207416be6d2e6f8de32d1f16199bf/README.md HTTP/1.1" 200 0
2026-01-11 21:13:41 | DEBUG    | urllib3.connectionpool | _make_request:544 | https://huggingface.co:443 "HEAD /sentence-transformers/all-MiniLM-L6-v2/resolve/main/modules.json HTTP/1.1" 307 0
2026-01-11 21:13:41 | DEBUG    | urllib3.connectionpool | _make_request:544 | https://huggingface.co:443 "HEAD /api/resolve-cache/models/sentence-transformers/all-MiniLM-L6-v2/c9745ed1d9f207416be6d2e6f8de32d1f16199bf/modules.json HTTP/1.1" 200 0
2026-01-11 21:13:42 | DEBUG    | urllib3.connectionpool | _make_request:544 | https://huggingface.co:443 "HEAD /sentence-transformers/all-MiniLM-L6-v2/resolve/main/sentence_bert_config.json HTTP/1.1" 307 0
2026-01-11 21:13:42 | DEBUG    | urllib3.connectionpool | _make_request:544 | https://huggingface.co:443 "HEAD /api/resolve-cache/models/sentence-transformers/all-MiniLM-L6-v2/c9745ed1d9f207416be6d2e6f8de32d1f16199bf/sentence_bert_config.json HTTP/1.1" 200 0
2026-01-11 21:13:42 | DEBUG    | urllib3.connectionpool | _make_request:544 | https://huggingface.co:443 "HEAD /sentence-transformers/all-MiniLM-L6-v2/resolve/main/adapter_config.json HTTP/1.1" 404 0
2026-01-11 21:13:42 | DEBUG    | urllib3.connectionpool | _make_request:544 | https://huggingface.co:443 "HEAD /sentence-transformers/all-MiniLM-L6-v2/resolve/main/config.json HTTP/1.1" 307 0
2026-01-11 21:13:42 | DEBUG    | urllib3.connectionpool | _make_request:544 | https://huggingface.co:443 "HEAD /api/resolve-cache/models/sentence-transformers/all-MiniLM-L6-v2/c9745ed1d9f207416be6d2e6f8de32d1f16199bf/config.json HTTP/1.1" 200 0
2026-01-11 21:13:43 | DEBUG    | urllib3.connectionpool | _make_request:544 | https://huggingface.co:443 "HEAD /sentence-transformers/all-MiniLM-L6-v2/resolve/main/tokenizer_config.json HTTP/1.1" 307 0
2026-01-11 21:13:43 | DEBUG    | urllib3.connectionpool | _make_request:544 | https://huggingface.co:443 "HEAD /api/resolve-cache/models/sentence-transformers/all-MiniLM-L6-v2/c9745ed1d9f207416be6d2e6f8de32d1f16199bf/tokenizer_config.json HTTP/1.1" 200 0
2026-01-11 21:13:43 | DEBUG    | urllib3.connectionpool | _make_request:544 | https://huggingface.co:443 "GET /api/models/sentence-transformers/all-MiniLM-L6-v2/tree/main/additional_chat_templates?recursive=False&expand=False HTTP/1.1" 404 64
2026-01-11 21:13:43 | DEBUG    | urllib3.connectionpool | _make_request:544 | https://huggingface.co:443 "GET /api/models/sentence-transformers/all-MiniLM-L6-v2/tree/main?recursive=True&expand=False HTTP/1.1" 200 6465
2026-01-11 21:13:44 | DEBUG    | urllib3.connectionpool | _make_request:544 | https://huggingface.co:443 "HEAD /sentence-transformers/all-MiniLM-L6-v2/resolve/main/1_Pooling/config.json HTTP/1.1" 307 0
2026-01-11 21:13:44 | DEBUG    | urllib3.connectionpool | _make_request:544 | https://huggingface.co:443 "HEAD /api/resolve-cache/models/sentence-transformers/all-MiniLM-L6-v2/c9745ed1d9f207416be6d2e6f8de32d1f16199bf/1_Pooling%2Fconfig.json HTTP/1.1" 200 0
2026-01-11 21:13:44 | DEBUG    | urllib3.connectionpool | _make_request:544 | https://huggingface.co:443 "GET /api/models/sentence-transformers/all-MiniLM-L6-v2 HTTP/1.1" 200 6930
2026-01-11 21:14:00 | DEBUG    | httpcore.connection | trace:47 | connect_tcp.started host='localhost' port=6333 local_address=None timeout=5.0 socket_options=None
2026-01-11 21:14:00 | DEBUG    | httpcore.connection | trace:47 | connect_tcp.complete return_value=<httpcore._backends.sync.SyncStream object at 0x11e655d00>
2026-01-11 21:14:00 | DEBUG    | httpcore.http11 | trace:47 | send_request_headers.started request=<Request [b'GET']>
2026-01-11 21:14:00 | DEBUG    | httpcore.http11 | trace:47 | send_request_headers.complete
2026-01-11 21:14:00 | DEBUG    | httpcore.http11 | trace:47 | send_request_body.started request=<Request [b'GET']>
2026-01-11 21:14:00 | DEBUG    | httpcore.http11 | trace:47 | send_request_body.complete
2026-01-11 21:14:00 | DEBUG    | httpcore.http11 | trace:47 | receive_response_headers.started request=<Request [b'GET']>
2026-01-11 21:14:00 | DEBUG    | httpcore.http11 | trace:47 | receive_response_headers.complete return_value=(b'HTTP/1.1', 200, b'OK', [(b'transfer-encoding', b'chunked'), (b'content-type', b'application/json'), (b'content-encoding', b'zstd'), (b'vary', b'accept-encoding, Origin, Access-Control-Request-Method, Access-Control-Request-Headers'), (b'date', b'Sun, 11 Jan 2026 15:44:00 GMT')])
2026-01-11 21:14:00 | INFO     | httpx | _send_single_request:1025 | HTTP Request: GET http://localhost:6333 "HTTP/1.1 200 OK"
2026-01-11 21:14:00 | DEBUG    | httpcore.http11 | trace:47 | receive_response_body.started request=<Request [b'GET']>
2026-01-11 21:14:00 | DEBUG    | httpcore.http11 | trace:47 | receive_response_body.complete
2026-01-11 21:14:00 | DEBUG    | httpcore.http11 | trace:47 | response_closed.started
2026-01-11 21:14:00 | DEBUG    | httpcore.http11 | trace:47 | response_closed.complete
2026-01-11 21:14:00 | DEBUG    | httpcore.connection | trace:47 | close.started
2026-01-11 21:14:00 | DEBUG    | httpcore.connection | trace:47 | close.complete
2026-01-11 21:14:00 | DEBUG    | httpcore.connection | trace:47 | connect_tcp.started host='localhost' port=6333 local_address=None timeout=5.0 socket_options=None
2026-01-11 21:14:00 | DEBUG    | httpcore.connection | trace:47 | connect_tcp.complete return_value=<httpcore._backends.sync.SyncStream object at 0x11e655ee0>
2026-01-11 21:14:00 | DEBUG    | httpcore.http11 | trace:47 | send_request_headers.started request=<Request [b'GET']>
2026-01-11 21:14:00 | DEBUG    | httpcore.http11 | trace:47 | send_request_headers.complete
2026-01-11 21:14:00 | DEBUG    | httpcore.http11 | trace:47 | send_request_body.started request=<Request [b'GET']>
2026-01-11 21:14:00 | DEBUG    | httpcore.http11 | trace:47 | send_request_body.complete
2026-01-11 21:14:00 | DEBUG    | httpcore.http11 | trace:47 | receive_response_headers.started request=<Request [b'GET']>
2026-01-11 21:14:00 | DEBUG    | httpcore.http11 | trace:47 | receive_response_headers.complete return_value=(b'HTTP/1.1', 200, b'OK', [(b'transfer-encoding', b'chunked'), (b'vary', b'accept-encoding, Origin, Access-Control-Request-Method, Access-Control-Request-Headers'), (b'content-type', b'application/json'), (b'content-encoding', b'zstd'), (b'date', b'Sun, 11 Jan 2026 15:44:00 GMT')])
2026-01-11 21:14:00 | INFO     | httpx | _send_single_request:1025 | HTTP Request: GET http://localhost:6333/collections "HTTP/1.1 200 OK"
2026-01-11 21:14:00 | DEBUG    | httpcore.http11 | trace:47 | receive_response_body.started request=<Request [b'GET']>
2026-01-11 21:14:00 | DEBUG    | httpcore.http11 | trace:47 | receive_response_body.complete
2026-01-11 21:14:00 | DEBUG    | httpcore.http11 | trace:47 | response_closed.started
2026-01-11 21:14:00 | DEBUG    | httpcore.http11 | trace:47 | response_closed.complete
2026-01-11 21:14:00 | DEBUG    | httpcore.connection | trace:47 | close.started
2026-01-11 21:14:00 | DEBUG    | httpcore.connection | trace:47 | close.complete
2026-01-11 21:14:00 | DEBUG    | httpcore.connection | trace:47 | connect_tcp.started host='localhost' port=6333 local_address=None timeout=5.0 socket_options=None
2026-01-11 21:14:00 | DEBUG    | httpcore.connection | trace:47 | connect_tcp.complete return_value=<httpcore._backends.sync.SyncStream object at 0x11e655f70>
2026-01-11 21:14:00 | DEBUG    | httpcore.http11 | trace:47 | send_request_headers.started request=<Request [b'PUT']>
2026-01-11 21:14:00 | DEBUG    | httpcore.http11 | trace:47 | send_request_headers.complete
2026-01-11 21:14:00 | DEBUG    | httpcore.http11 | trace:47 | send_request_body.started request=<Request [b'PUT']>
2026-01-11 21:14:00 | DEBUG    | httpcore.http11 | trace:47 | send_request_body.complete
2026-01-11 21:14:00 | DEBUG    | httpcore.http11 | trace:47 | receive_response_headers.started request=<Request [b'PUT']>
2026-01-11 21:14:00 | DEBUG    | httpcore.http11 | trace:47 | receive_response_headers.complete return_value=(b'HTTP/1.1', 200, b'OK', [(b'transfer-encoding', b'chunked'), (b'content-type', b'application/json'), (b'content-encoding', b'zstd'), (b'vary', b'accept-encoding, Origin, Access-Control-Request-Method, Access-Control-Request-Headers'), (b'date', b'Sun, 11 Jan 2026 15:44:00 GMT')])
2026-01-11 21:14:00 | INFO     | httpx | _send_single_request:1025 | HTTP Request: PUT http://localhost:6333/collections/the%20count%20of%20monte%20cristo_collection/points?wait=true "HTTP/1.1 200 OK"
2026-01-11 21:14:00 | DEBUG    | httpcore.http11 | trace:47 | receive_response_body.started request=<Request [b'PUT']>
2026-01-11 21:14:00 | DEBUG    | httpcore.http11 | trace:47 | receive_response_body.complete
2026-01-11 21:14:00 | DEBUG    | httpcore.http11 | trace:47 | response_closed.started
2026-01-11 21:14:00 | DEBUG    | httpcore.http11 | trace:47 | response_closed.complete
2026-01-11 21:14:00 | DEBUG    | httpcore.connection | trace:47 | close.started
2026-01-11 21:14:00 | DEBUG    | httpcore.connection | trace:47 | close.complete
2026-01-11 21:14:00 | DEBUG    | httpcore.connection | trace:47 | connect_tcp.started host='localhost' port=6333 local_address=None timeout=5.0 socket_options=None
2026-01-11 21:14:00 | DEBUG    | httpcore.connection | trace:47 | connect_tcp.complete return_value=<httpcore._backends.sync.SyncStream object at 0x11e6560c0>
2026-01-11 21:14:00 | DEBUG    | httpcore.http11 | trace:47 | send_request_headers.started request=<Request [b'PUT']>
2026-01-11 21:14:00 | DEBUG    | httpcore.http11 | trace:47 | send_request_headers.complete
2026-01-11 21:14:00 | DEBUG    | httpcore.http11 | trace:47 | send_request_body.started request=<Request [b'PUT']>
2026-01-11 21:14:00 | DEBUG    | httpcore.http11 | trace:47 | send_request_body.complete
2026-01-11 21:14:00 | DEBUG    | httpcore.http11 | trace:47 | receive_response_headers.started request=<Request [b'PUT']>
2026-01-11 21:14:00 | DEBUG    | httpcore.http11 | trace:47 | receive_response_headers.complete return_value=(b'HTTP/1.1', 200, b'OK', [(b'transfer-encoding', b'chunked'), (b'vary', b'accept-encoding, Origin, Access-Control-Request-Method, Access-Control-Request-Headers'), (b'content-encoding', b'zstd'), (b'content-type', b'application/json'), (b'date', b'Sun, 11 Jan 2026 15:44:00 GMT')])
2026-01-11 21:14:00 | INFO     | httpx | _send_single_request:1025 | HTTP Request: PUT http://localhost:6333/collections/the%20count%20of%20monte%20cristo_collection/points?wait=true "HTTP/1.1 200 OK"
2026-01-11 21:14:00 | DEBUG    | httpcore.http11 | trace:47 | receive_response_body.started request=<Request [b'PUT']>
2026-01-11 21:14:00 | DEBUG    | httpcore.http11 | trace:47 | receive_response_body.complete
2026-01-11 21:14:00 | DEBUG    | httpcore.http11 | trace:47 | response_closed.started
2026-01-11 21:14:00 | DEBUG    | httpcore.http11 | trace:47 | response_closed.complete
2026-01-11 21:14:00 | DEBUG    | httpcore.connection | trace:47 | close.started
2026-01-11 21:14:00 | DEBUG    | httpcore.connection | trace:47 | close.complete
2026-01-11 21:14:00 | DEBUG    | httpcore.connection | trace:47 | connect_tcp.started host='localhost' port=6333 local_address=None timeout=5.0 socket_options=None
2026-01-11 21:14:00 | DEBUG    | httpcore.connection | trace:47 | connect_tcp.complete return_value=<httpcore._backends.sync.SyncStream object at 0x11e656360>
2026-01-11 21:14:00 | DEBUG    | httpcore.http11 | trace:47 | send_request_headers.started request=<Request [b'PUT']>
2026-01-11 21:14:00 | DEBUG    | httpcore.http11 | trace:47 | send_request_headers.complete
2026-01-11 21:14:00 | DEBUG    | httpcore.http11 | trace:47 | send_request_body.started request=<Request [b'PUT']>
2026-01-11 21:14:00 | DEBUG    | httpcore.http11 | trace:47 | send_request_body.complete
2026-01-11 21:14:00 | DEBUG    | httpcore.http11 | trace:47 | receive_response_headers.started request=<Request [b'PUT']>
2026-01-11 21:14:00 | DEBUG    | httpcore.http11 | trace:47 | receive_response_headers.complete return_value=(b'HTTP/1.1', 200, b'OK', [(b'transfer-encoding', b'chunked'), (b'vary', b'accept-encoding, Origin, Access-Control-Request-Method, Access-Control-Request-Headers'), (b'content-encoding', b'zstd'), (b'content-type', b'application/json'), (b'date', b'Sun, 11 Jan 2026 15:44:00 GMT')])
2026-01-11 21:14:00 | INFO     | httpx | _send_single_request:1025 | HTTP Request: PUT http://localhost:6333/collections/the%20count%20of%20monte%20cristo_collection/points?wait=true "HTTP/1.1 200 OK"
2026-01-11 21:14:00 | DEBUG    | httpcore.http11 | trace:47 | receive_response_body.started request=<Request [b'PUT']>
2026-01-11 21:14:00 | DEBUG    | httpcore.http11 | trace:47 | receive_response_body.complete
2026-01-11 21:14:00 | DEBUG    | httpcore.http11 | trace:47 | response_closed.started
2026-01-11 21:14:00 | DEBUG    | httpcore.http11 | trace:47 | response_closed.complete
2026-01-11 21:14:00 | DEBUG    | httpcore.connection | trace:47 | close.started
2026-01-11 21:14:00 | DEBUG    | httpcore.connection | trace:47 | close.complete
2026-01-11 21:14:00 | DEBUG    | httpcore.connection | trace:47 | connect_tcp.started host='localhost' port=6333 local_address=None timeout=5.0 socket_options=None
2026-01-11 21:14:00 | DEBUG    | httpcore.connection | trace:47 | connect_tcp.complete return_value=<httpcore._backends.sync.SyncStream object at 0x11e656720>
2026-01-11 21:14:00 | DEBUG    | httpcore.http11 | trace:47 | send_request_headers.started request=<Request [b'PUT']>
2026-01-11 21:14:00 | DEBUG    | httpcore.http11 | trace:47 | send_request_headers.complete
2026-01-11 21:14:00 | DEBUG    | httpcore.http11 | trace:47 | send_request_body.started request=<Request [b'PUT']>
2026-01-11 21:14:00 | DEBUG    | httpcore.http11 | trace:47 | send_request_body.complete
2026-01-11 21:14:00 | DEBUG    | httpcore.http11 | trace:47 | receive_response_headers.started request=<Request [b'PUT']>
2026-01-11 21:14:00 | DEBUG    | httpcore.http11 | trace:47 | receive_response_headers.complete return_value=(b'HTTP/1.1', 200, b'OK', [(b'transfer-encoding', b'chunked'), (b'content-type', b'application/json'), (b'content-encoding', b'zstd'), (b'vary', b'accept-encoding, Origin, Access-Control-Request-Method, Access-Control-Request-Headers'), (b'date', b'Sun, 11 Jan 2026 15:44:00 GMT')])
2026-01-11 21:14:00 | INFO     | httpx | _send_single_request:1025 | HTTP Request: PUT http://localhost:6333/collections/the%20count%20of%20monte%20cristo_collection/points?wait=true "HTTP/1.1 200 OK"
2026-01-11 21:14:00 | DEBUG    | httpcore.http11 | trace:47 | receive_response_body.started request=<Request [b'PUT']>
2026-01-11 21:14:00 | DEBUG    | httpcore.http11 | trace:47 | receive_response_body.complete
2026-01-11 21:14:00 | DEBUG    | httpcore.http11 | trace:47 | response_closed.started
2026-01-11 21:14:00 | DEBUG    | httpcore.http11 | trace:47 | response_closed.complete
2026-01-11 21:14:00 | DEBUG    | httpcore.connection | trace:47 | close.started
2026-01-11 21:14:00 | DEBUG    | httpcore.connection | trace:47 | close.complete
2026-01-11 21:14:01 | DEBUG    | httpcore.connection | trace:47 | connect_tcp.started host='localhost' port=6333 local_address=None timeout=5.0 socket_options=None
2026-01-11 21:14:01 | DEBUG    | httpcore.connection | trace:47 | connect_tcp.complete return_value=<httpcore._backends.sync.SyncStream object at 0x11e6556a0>
2026-01-11 21:14:01 | DEBUG    | httpcore.http11 | trace:47 | send_request_headers.started request=<Request [b'PUT']>
2026-01-11 21:14:01 | DEBUG    | httpcore.http11 | trace:47 | send_request_headers.complete
2026-01-11 21:14:01 | DEBUG    | httpcore.http11 | trace:47 | send_request_body.started request=<Request [b'PUT']>
2026-01-11 21:14:01 | DEBUG    | httpcore.http11 | trace:47 | send_request_body.complete
2026-01-11 21:14:01 | DEBUG    | httpcore.http11 | trace:47 | receive_response_headers.started request=<Request [b'PUT']>
2026-01-11 21:14:01 | DEBUG    | httpcore.http11 | trace:47 | receive_response_headers.complete return_value=(b'HTTP/1.1', 200, b'OK', [(b'transfer-encoding', b'chunked'), (b'content-encoding', b'zstd'), (b'content-type', b'application/json'), (b'vary', b'accept-encoding, Origin, Access-Control-Request-Method, Access-Control-Request-Headers'), (b'date', b'Sun, 11 Jan 2026 15:44:00 GMT')])
2026-01-11 21:14:01 | INFO     | httpx | _send_single_request:1025 | HTTP Request: PUT http://localhost:6333/collections/the%20count%20of%20monte%20cristo_collection/points?wait=true "HTTP/1.1 200 OK"
2026-01-11 21:14:01 | DEBUG    | httpcore.http11 | trace:47 | receive_response_body.started request=<Request [b'PUT']>
2026-01-11 21:14:01 | DEBUG    | httpcore.http11 | trace:47 | receive_response_body.complete
2026-01-11 21:14:01 | DEBUG    | httpcore.http11 | trace:47 | response_closed.started
2026-01-11 21:14:01 | DEBUG    | httpcore.http11 | trace:47 | response_closed.complete
2026-01-11 21:14:01 | DEBUG    | httpcore.connection | trace:47 | close.started
2026-01-11 21:14:01 | DEBUG    | httpcore.connection | trace:47 | close.complete
2026-01-11 21:14:01 | DEBUG    | httpcore.connection | trace:47 | connect_tcp.started host='localhost' port=6333 local_address=None timeout=5.0 socket_options=None
2026-01-11 21:14:01 | DEBUG    | httpcore.connection | trace:47 | connect_tcp.complete return_value=<httpcore._backends.sync.SyncStream object at 0x11e6565d0>
2026-01-11 21:14:01 | DEBUG    | httpcore.http11 | trace:47 | send_request_headers.started request=<Request [b'PUT']>
2026-01-11 21:14:01 | DEBUG    | httpcore.http11 | trace:47 | send_request_headers.complete
2026-01-11 21:14:01 | DEBUG    | httpcore.http11 | trace:47 | send_request_body.started request=<Request [b'PUT']>
2026-01-11 21:14:01 | DEBUG    | httpcore.http11 | trace:47 | send_request_body.complete
2026-01-11 21:14:01 | DEBUG    | httpcore.http11 | trace:47 | receive_response_headers.started request=<Request [b'PUT']>
2026-01-11 21:14:01 | DEBUG    | httpcore.http11 | trace:47 | receive_response_headers.complete return_value=(b'HTTP/1.1', 200, b'OK', [(b'transfer-encoding', b'chunked'), (b'content-type', b'application/json'), (b'vary', b'accept-encoding, Origin, Access-Control-Request-Method, Access-Control-Request-Headers'), (b'content-encoding', b'zstd'), (b'date', b'Sun, 11 Jan 2026 15:44:00 GMT')])
2026-01-11 21:14:01 | INFO     | httpx | _send_single_request:1025 | HTTP Request: PUT http://localhost:6333/collections/the%20count%20of%20monte%20cristo_collection/points?wait=true "HTTP/1.1 200 OK"
2026-01-11 21:14:01 | DEBUG    | httpcore.http11 | trace:47 | receive_response_body.started request=<Request [b'PUT']>
2026-01-11 21:14:01 | DEBUG    | httpcore.http11 | trace:47 | receive_response_body.complete
2026-01-11 21:14:01 | DEBUG    | httpcore.http11 | trace:47 | response_closed.started
2026-01-11 21:14:01 | DEBUG    | httpcore.http11 | trace:47 | response_closed.complete
2026-01-11 21:14:01 | DEBUG    | httpcore.connection | trace:47 | close.started
2026-01-11 21:14:01 | DEBUG    | httpcore.connection | trace:47 | close.complete
2026-01-11 21:14:01 | DEBUG    | httpcore.connection | trace:47 | connect_tcp.started host='localhost' port=6333 local_address=None timeout=5.0 socket_options=None
2026-01-11 21:14:01 | DEBUG    | httpcore.connection | trace:47 | connect_tcp.complete return_value=<httpcore._backends.sync.SyncStream object at 0x11e656b10>
2026-01-11 21:14:01 | DEBUG    | httpcore.http11 | trace:47 | send_request_headers.started request=<Request [b'PUT']>
2026-01-11 21:14:01 | DEBUG    | httpcore.http11 | trace:47 | send_request_headers.complete
2026-01-11 21:14:01 | DEBUG    | httpcore.http11 | trace:47 | send_request_body.started request=<Request [b'PUT']>
2026-01-11 21:14:01 | DEBUG    | httpcore.http11 | trace:47 | send_request_body.complete
2026-01-11 21:14:01 | DEBUG    | httpcore.http11 | trace:47 | receive_response_headers.started request=<Request [b'PUT']>
2026-01-11 21:14:01 | DEBUG    | httpcore.http11 | trace:47 | receive_response_headers.complete return_value=(b'HTTP/1.1', 200, b'OK', [(b'transfer-encoding', b'chunked'), (b'vary', b'accept-encoding, Origin, Access-Control-Request-Method, Access-Control-Request-Headers'), (b'content-type', b'application/json'), (b'content-encoding', b'zstd'), (b'date', b'Sun, 11 Jan 2026 15:44:00 GMT')])
2026-01-11 21:14:01 | INFO     | httpx | _send_single_request:1025 | HTTP Request: PUT http://localhost:6333/collections/the%20count%20of%20monte%20cristo_collection/points?wait=true "HTTP/1.1 200 OK"
2026-01-11 21:14:01 | DEBUG    | httpcore.http11 | trace:47 | receive_response_body.started request=<Request [b'PUT']>
2026-01-11 21:14:01 | DEBUG    | httpcore.http11 | trace:47 | receive_response_body.complete
2026-01-11 21:14:01 | DEBUG    | httpcore.http11 | trace:47 | response_closed.started
2026-01-11 21:14:01 | DEBUG    | httpcore.http11 | trace:47 | response_closed.complete
2026-01-11 21:14:01 | DEBUG    | httpcore.connection | trace:47 | close.started
2026-01-11 21:14:01 | DEBUG    | httpcore.connection | trace:47 | close.complete
2026-01-11 21:14:01 | DEBUG    | httpcore.connection | trace:47 | connect_tcp.started host='localhost' port=6333 local_address=None timeout=5.0 socket_options=None
2026-01-11 21:14:01 | DEBUG    | httpcore.connection | trace:47 | connect_tcp.complete return_value=<httpcore._backends.sync.SyncStream object at 0x11e6547d0>
2026-01-11 21:14:01 | DEBUG    | httpcore.http11 | trace:47 | send_request_headers.started request=<Request [b'GET']>
2026-01-11 21:14:01 | DEBUG    | httpcore.http11 | trace:47 | send_request_headers.complete
2026-01-11 21:14:01 | DEBUG    | httpcore.http11 | trace:47 | send_request_body.started request=<Request [b'GET']>
2026-01-11 21:14:01 | DEBUG    | httpcore.http11 | trace:47 | send_request_body.complete
2026-01-11 21:14:01 | DEBUG    | httpcore.http11 | trace:47 | receive_response_headers.started request=<Request [b'GET']>
2026-01-11 21:14:01 | DEBUG    | httpcore.http11 | trace:47 | receive_response_headers.complete return_value=(b'HTTP/1.1', 200, b'OK', [(b'transfer-encoding', b'chunked'), (b'content-type', b'application/json'), (b'content-encoding', b'zstd'), (b'vary', b'accept-encoding, Origin, Access-Control-Request-Method, Access-Control-Request-Headers'), (b'date', b'Sun, 11 Jan 2026 15:44:00 GMT')])
2026-01-11 21:14:01 | INFO     | httpx | _send_single_request:1025 | HTTP Request: GET http://localhost:6333 "HTTP/1.1 200 OK"
2026-01-11 21:14:01 | DEBUG    | httpcore.http11 | trace:47 | receive_response_body.started request=<Request [b'GET']>
2026-01-11 21:14:01 | DEBUG    | httpcore.http11 | trace:47 | receive_response_body.complete
2026-01-11 21:14:01 | DEBUG    | httpcore.http11 | trace:47 | response_closed.started
2026-01-11 21:14:01 | DEBUG    | httpcore.http11 | trace:47 | response_closed.complete
2026-01-11 21:14:01 | DEBUG    | httpcore.connection | trace:47 | close.started
2026-01-11 21:14:01 | DEBUG    | httpcore.connection | trace:47 | close.complete
2026-01-11 21:14:01 | INFO     | sentence_transformers.SentenceTransformer | __init__:219 | Use pytorch device_name: mps
2026-01-11 21:14:01 | INFO     | sentence_transformers.SentenceTransformer | __init__:227 | Load pretrained SentenceTransformer: sentence-transformers/all-MiniLM-L6-v2
2026-01-11 21:14:01 | DEBUG    | urllib3.connectionpool | _make_request:544 | https://huggingface.co:443 "HEAD /sentence-transformers/all-MiniLM-L6-v2/resolve/main/modules.json HTTP/1.1" 307 0
2026-01-11 21:14:01 | DEBUG    | urllib3.connectionpool | _make_request:544 | https://huggingface.co:443 "HEAD /api/resolve-cache/models/sentence-transformers/all-MiniLM-L6-v2/c9745ed1d9f207416be6d2e6f8de32d1f16199bf/modules.json HTTP/1.1" 200 0
2026-01-11 21:14:01 | DEBUG    | urllib3.connectionpool | _make_request:544 | https://huggingface.co:443 "HEAD /sentence-transformers/all-MiniLM-L6-v2/resolve/main/config_sentence_transformers.json HTTP/1.1" 307 0
2026-01-11 21:14:01 | DEBUG    | urllib3.connectionpool | _make_request:544 | https://huggingface.co:443 "HEAD /api/resolve-cache/models/sentence-transformers/all-MiniLM-L6-v2/c9745ed1d9f207416be6d2e6f8de32d1f16199bf/config_sentence_transformers.json HTTP/1.1" 200 0
2026-01-11 21:14:02 | DEBUG    | urllib3.connectionpool | _make_request:544 | https://huggingface.co:443 "HEAD /sentence-transformers/all-MiniLM-L6-v2/resolve/main/config_sentence_transformers.json HTTP/1.1" 307 0
2026-01-11 21:14:02 | DEBUG    | urllib3.connectionpool | _make_request:544 | https://huggingface.co:443 "HEAD /api/resolve-cache/models/sentence-transformers/all-MiniLM-L6-v2/c9745ed1d9f207416be6d2e6f8de32d1f16199bf/config_sentence_transformers.json HTTP/1.1" 200 0
2026-01-11 21:14:02 | DEBUG    | urllib3.connectionpool | _make_request:544 | https://huggingface.co:443 "HEAD /sentence-transformers/all-MiniLM-L6-v2/resolve/main/README.md HTTP/1.1" 307 0
2026-01-11 21:14:02 | DEBUG    | urllib3.connectionpool | _make_request:544 | https://huggingface.co:443 "HEAD /api/resolve-cache/models/sentence-transformers/all-MiniLM-L6-v2/c9745ed1d9f207416be6d2e6f8de32d1f16199bf/README.md HTTP/1.1" 200 0
2026-01-11 21:14:02 | DEBUG    | urllib3.connectionpool | _make_request:544 | https://huggingface.co:443 "HEAD /sentence-transformers/all-MiniLM-L6-v2/resolve/main/modules.json HTTP/1.1" 307 0
2026-01-11 21:14:02 | DEBUG    | urllib3.connectionpool | _make_request:544 | https://huggingface.co:443 "HEAD /api/resolve-cache/models/sentence-transformers/all-MiniLM-L6-v2/c9745ed1d9f207416be6d2e6f8de32d1f16199bf/modules.json HTTP/1.1" 200 0
2026-01-11 21:14:03 | DEBUG    | urllib3.connectionpool | _make_request:544 | https://huggingface.co:443 "HEAD /sentence-transformers/all-MiniLM-L6-v2/resolve/main/sentence_bert_config.json HTTP/1.1" 307 0
2026-01-11 21:14:03 | DEBUG    | urllib3.connectionpool | _make_request:544 | https://huggingface.co:443 "HEAD /api/resolve-cache/models/sentence-transformers/all-MiniLM-L6-v2/c9745ed1d9f207416be6d2e6f8de32d1f16199bf/sentence_bert_config.json HTTP/1.1" 200 0
2026-01-11 21:14:03 | DEBUG    | urllib3.connectionpool | _make_request:544 | https://huggingface.co:443 "HEAD /sentence-transformers/all-MiniLM-L6-v2/resolve/main/adapter_config.json HTTP/1.1" 404 0
2026-01-11 21:14:03 | DEBUG    | urllib3.connectionpool | _make_request:544 | https://huggingface.co:443 "HEAD /sentence-transformers/all-MiniLM-L6-v2/resolve/main/config.json HTTP/1.1" 307 0
2026-01-11 21:14:03 | DEBUG    | urllib3.connectionpool | _make_request:544 | https://huggingface.co:443 "HEAD /api/resolve-cache/models/sentence-transformers/all-MiniLM-L6-v2/c9745ed1d9f207416be6d2e6f8de32d1f16199bf/config.json HTTP/1.1" 200 0
2026-01-11 21:14:04 | DEBUG    | urllib3.connectionpool | _make_request:544 | https://huggingface.co:443 "HEAD /sentence-transformers/all-MiniLM-L6-v2/resolve/main/tokenizer_config.json HTTP/1.1" 307 0
2026-01-11 21:14:04 | DEBUG    | urllib3.connectionpool | _make_request:544 | https://huggingface.co:443 "HEAD /api/resolve-cache/models/sentence-transformers/all-MiniLM-L6-v2/c9745ed1d9f207416be6d2e6f8de32d1f16199bf/tokenizer_config.json HTTP/1.1" 200 0
2026-01-11 21:14:04 | DEBUG    | urllib3.connectionpool | _make_request:544 | https://huggingface.co:443 "GET /api/models/sentence-transformers/all-MiniLM-L6-v2/tree/main/additional_chat_templates?recursive=False&expand=False HTTP/1.1" 404 64
2026-01-11 21:14:05 | DEBUG    | urllib3.connectionpool | _make_request:544 | https://huggingface.co:443 "GET /api/models/sentence-transformers/all-MiniLM-L6-v2/tree/main?recursive=True&expand=False HTTP/1.1" 200 6465
2026-01-11 21:14:05 | DEBUG    | urllib3.connectionpool | _make_request:544 | https://huggingface.co:443 "HEAD /sentence-transformers/all-MiniLM-L6-v2/resolve/main/1_Pooling/config.json HTTP/1.1" 307 0
2026-01-11 21:14:05 | DEBUG    | urllib3.connectionpool | _make_request:544 | https://huggingface.co:443 "HEAD /api/resolve-cache/models/sentence-transformers/all-MiniLM-L6-v2/c9745ed1d9f207416be6d2e6f8de32d1f16199bf/1_Pooling%2Fconfig.json HTTP/1.1" 200 0
2026-01-11 21:14:05 | DEBUG    | urllib3.connectionpool | _make_request:544 | https://huggingface.co:443 "GET /api/models/sentence-transformers/all-MiniLM-L6-v2 HTTP/1.1" 200 6930
2026-01-11 21:14:05 | DEBUG    | httpcore.connection | trace:47 | connect_tcp.started host='localhost' port=6333 local_address=None timeout=5.0 socket_options=None
2026-01-11 21:14:05 | DEBUG    | httpcore.connection | trace:47 | connect_tcp.complete return_value=<httpcore._backends.sync.SyncStream object at 0x12418ae40>
2026-01-11 21:14:05 | DEBUG    | httpcore.http11 | trace:47 | send_request_headers.started request=<Request [b'POST']>
2026-01-11 21:14:05 | DEBUG    | httpcore.http11 | trace:47 | send_request_headers.complete
2026-01-11 21:14:05 | DEBUG    | httpcore.http11 | trace:47 | send_request_body.started request=<Request [b'POST']>
2026-01-11 21:14:05 | DEBUG    | httpcore.http11 | trace:47 | send_request_body.complete
2026-01-11 21:14:05 | DEBUG    | httpcore.http11 | trace:47 | receive_response_headers.started request=<Request [b'POST']>
2026-01-11 21:14:05 | DEBUG    | httpcore.http11 | trace:47 | receive_response_headers.complete return_value=(b'HTTP/1.1', 200, b'OK', [(b'transfer-encoding', b'chunked'), (b'vary', b'accept-encoding, Origin, Access-Control-Request-Method, Access-Control-Request-Headers'), (b'content-type', b'application/json'), (b'content-encoding', b'zstd'), (b'date', b'Sun, 11 Jan 2026 15:44:05 GMT')])
2026-01-11 21:14:05 | INFO     | httpx | _send_single_request:1025 | HTTP Request: POST http://localhost:6333/collections/the%20count%20of%20monte%20cristo_collection/points/query "HTTP/1.1 200 OK"
2026-01-11 21:14:05 | DEBUG    | httpcore.http11 | trace:47 | receive_response_body.started request=<Request [b'POST']>
2026-01-11 21:14:05 | DEBUG    | httpcore.http11 | trace:47 | receive_response_body.complete
2026-01-11 21:14:05 | DEBUG    | httpcore.http11 | trace:47 | response_closed.started
2026-01-11 21:14:05 | DEBUG    | httpcore.http11 | trace:47 | response_closed.complete
2026-01-11 21:14:05 | DEBUG    | httpcore.connection | trace:47 | close.started
2026-01-11 21:14:05 | DEBUG    | httpcore.connection | trace:47 | close.complete
2026-01-11 21:14:06 | DEBUG    | urllib3.connectionpool | _make_request:544 | https://huggingface.co:443 "HEAD /cross-encoder/ms-marco-MiniLM-L-6-v2/resolve/main/config.json HTTP/1.1" 307 0
2026-01-11 21:14:06 | DEBUG    | urllib3.connectionpool | _make_request:544 | https://huggingface.co:443 "HEAD /cross-encoder/ms-marco-MiniLM-L6-v2/resolve/main/config.json HTTP/1.1" 307 0
2026-01-11 21:14:06 | DEBUG    | urllib3.connectionpool | _make_request:544 | https://huggingface.co:443 "HEAD /api/resolve-cache/models/cross-encoder/ms-marco-MiniLM-L6-v2/c5ee24cb16019beea0893ab7796b1df96625c6b8/config.json HTTP/1.1" 200 0
2026-01-11 21:14:06 | DEBUG    | urllib3.connectionpool | _make_request:544 | https://huggingface.co:443 "HEAD /cross-encoder/ms-marco-MiniLM-L-6-v2/resolve/main/tokenizer_config.json HTTP/1.1" 307 0
2026-01-11 21:14:07 | DEBUG    | urllib3.connectionpool | _make_request:544 | https://huggingface.co:443 "HEAD /cross-encoder/ms-marco-MiniLM-L6-v2/resolve/main/tokenizer_config.json HTTP/1.1" 307 0
2026-01-11 21:14:07 | DEBUG    | urllib3.connectionpool | _make_request:544 | https://huggingface.co:443 "HEAD /api/resolve-cache/models/cross-encoder/ms-marco-MiniLM-L6-v2/c5ee24cb16019beea0893ab7796b1df96625c6b8/tokenizer_config.json HTTP/1.1" 200 0
2026-01-11 21:14:07 | DEBUG    | urllib3.connectionpool | _make_request:544 | https://huggingface.co:443 "GET /api/models/cross-encoder/ms-marco-MiniLM-L-6-v2/tree/main/additional_chat_templates?recursive=False&expand=False HTTP/1.1" 307 147
